2017-08-27T08:30:05+00:00 DEBUG (7): debugging
2017-08-27T08:30:05+00:00 DEBUG (7): visible_on_cart
2017-08-27T08:30:05+00:00 DEBUG (7): 1
2017-08-27T08:30:05+00:00 DEBUG (7): debugging
2017-08-27T08:30:05+00:00 DEBUG (7): active
2017-08-27T08:30:05+00:00 DEBUG (7): 
2017-08-27T08:30:05+00:00 DEBUG (7): debugging
2017-08-27T08:30:05+00:00 DEBUG (7): visible_on_cart
2017-08-27T08:30:05+00:00 DEBUG (7): 1
2017-08-27T08:30:05+00:00 DEBUG (7): debugging
2017-08-27T08:30:05+00:00 DEBUG (7): active
2017-08-27T08:30:05+00:00 DEBUG (7): 1
2017-08-27T08:30:05+00:00 DEBUG (7): debugging
2017-08-27T08:30:05+00:00 DEBUG (7): active
2017-08-27T08:30:05+00:00 DEBUG (7): 
2017-08-27T08:30:06+00:00 DEBUG (7): debugging
2017-08-27T08:30:06+00:00 DEBUG (7): buttonFlavor
2017-08-27T08:30:06+00:00 DEBUG (7): dynamic
2017-08-27T08:30:06+00:00 DEBUG (7): debugging
2017-08-27T08:30:06+00:00 DEBUG (7): sandboxFlag
2017-08-27T08:30:06+00:00 DEBUG (7): 1
2017-08-27T08:30:06+00:00 DEBUG (7): debugging
2017-08-27T08:30:06+00:00 DEBUG (7): allow_ba_signup
2017-08-27T08:30:06+00:00 DEBUG (7): never
2017-08-27T08:30:06+00:00 DEBUG (7): debugging
2017-08-27T08:30:06+00:00 DEBUG (7): visible_on_cart
2017-08-27T08:30:06+00:00 DEBUG (7): 1
2017-08-27T08:30:06+00:00 DEBUG (7): debugging
2017-08-27T08:30:06+00:00 DEBUG (7): active
2017-08-27T08:30:06+00:00 DEBUG (7): 
2017-08-27T08:30:06+00:00 DEBUG (7): debugging
2017-08-27T08:30:06+00:00 DEBUG (7): visible_on_cart
2017-08-27T08:30:06+00:00 DEBUG (7): 1
2017-08-27T08:30:06+00:00 DEBUG (7): debugging
2017-08-27T08:30:06+00:00 DEBUG (7): active
2017-08-27T08:30:06+00:00 DEBUG (7): 1
2017-08-27T08:30:06+00:00 DEBUG (7): debugging
2017-08-27T08:30:06+00:00 DEBUG (7): active
2017-08-27T08:30:06+00:00 DEBUG (7): 
2017-08-27T08:30:06+00:00 DEBUG (7): debugging
2017-08-27T08:30:06+00:00 DEBUG (7): buttonFlavor
2017-08-27T08:30:06+00:00 DEBUG (7): dynamic
2017-08-27T08:30:06+00:00 DEBUG (7): debugging
2017-08-27T08:30:06+00:00 DEBUG (7): sandboxFlag
2017-08-27T08:30:06+00:00 DEBUG (7): 1
2017-08-27T08:30:06+00:00 DEBUG (7): debugging
2017-08-27T08:30:06+00:00 DEBUG (7): visible_on_cart
2017-08-27T08:30:06+00:00 DEBUG (7): 1
2017-08-27T08:30:06+00:00 DEBUG (7): debugging
2017-08-27T08:30:06+00:00 DEBUG (7): active
2017-08-27T08:30:06+00:00 DEBUG (7): 
2017-08-27T08:30:06+00:00 DEBUG (7): debugging
2017-08-27T08:30:06+00:00 DEBUG (7): visible_on_cart
2017-08-27T08:30:06+00:00 DEBUG (7): 1
2017-08-27T08:30:06+00:00 DEBUG (7): debugging
2017-08-27T08:30:06+00:00 DEBUG (7): active
2017-08-27T08:30:06+00:00 DEBUG (7): 1
2017-08-27T08:30:06+00:00 DEBUG (7): debugging
2017-08-27T08:30:06+00:00 DEBUG (7): active
2017-08-27T08:30:06+00:00 DEBUG (7): 
2017-08-27T08:30:06+00:00 DEBUG (7): debugging
2017-08-27T08:30:06+00:00 DEBUG (7): buttonFlavor
2017-08-27T08:30:06+00:00 DEBUG (7): dynamic
2017-08-27T08:30:06+00:00 DEBUG (7): debugging
2017-08-27T08:30:06+00:00 DEBUG (7): sandboxFlag
2017-08-27T08:30:06+00:00 DEBUG (7): 1
2017-08-27T08:30:18+00:00 DEBUG (7): debugging
2017-08-27T08:30:18+00:00 DEBUG (7): solutionType
2017-08-27T08:30:18+00:00 DEBUG (7): Sole
2017-08-27T08:30:18+00:00 DEBUG (7): debugging
2017-08-27T08:30:18+00:00 DEBUG (7): paymentAction
2017-08-27T08:30:18+00:00 DEBUG (7): Sale
2017-08-27T08:30:18+00:00 DEBUG (7): debugging
2017-08-27T08:30:18+00:00 DEBUG (7): allow_ba_signup
2017-08-27T08:30:18+00:00 DEBUG (7): never
2017-08-27T08:30:18+00:00 DEBUG (7): debugging
2017-08-27T08:30:18+00:00 DEBUG (7): requireBillingAddress
2017-08-27T08:30:18+00:00 DEBUG (7): 0
2017-08-27T08:30:18+00:00 DEBUG (7): debugging
2017-08-27T08:30:18+00:00 DEBUG (7): lineItemsEnabled
2017-08-27T08:30:18+00:00 DEBUG (7): 1
2017-08-27T08:30:18+00:00 DEBUG (7): debugging
2017-08-27T08:30:18+00:00 DEBUG (7): transferShippingOptions
2017-08-27T08:30:18+00:00 DEBUG (7): 0
2017-08-27T08:30:18+00:00 DEBUG (7): debugging
2017-08-27T08:30:18+00:00 DEBUG (7): page_style
2017-08-27T08:30:18+00:00 DEBUG (7): 
2017-08-27T08:30:18+00:00 DEBUG (7): debugging
2017-08-27T08:30:18+00:00 DEBUG (7): paypal_hdrimg
2017-08-27T08:30:18+00:00 DEBUG (7): 
2017-08-27T08:30:18+00:00 DEBUG (7): debugging
2017-08-27T08:30:18+00:00 DEBUG (7): paypal_hdrbordercolor
2017-08-27T08:30:18+00:00 DEBUG (7): 
2017-08-27T08:30:18+00:00 DEBUG (7): debugging
2017-08-27T08:30:18+00:00 DEBUG (7): paypal_hdrbackcolor
2017-08-27T08:30:18+00:00 DEBUG (7): 
2017-08-27T08:30:18+00:00 DEBUG (7): debugging
2017-08-27T08:30:18+00:00 DEBUG (7): paypal_payflowcolor
2017-08-27T08:30:18+00:00 DEBUG (7): 
2017-08-27T08:30:18+00:00 DEBUG (7): debugging
2017-08-27T08:30:18+00:00 DEBUG (7): business_account
2017-08-27T08:30:18+00:00 DEBUG (7): kinhdoanh_freegift-1@gmail.com
2017-08-27T08:30:18+00:00 DEBUG (7): debugging
2017-08-27T08:30:18+00:00 DEBUG (7): api_username
2017-08-27T08:30:18+00:00 DEBUG (7): kinhdoanh_freegift-1_api1.gmail.com
2017-08-27T08:30:18+00:00 DEBUG (7): debugging
2017-08-27T08:30:18+00:00 DEBUG (7): api_password
2017-08-27T08:30:18+00:00 DEBUG (7): P6JFE8URLSZFXUMW
2017-08-27T08:30:18+00:00 DEBUG (7): debugging
2017-08-27T08:30:18+00:00 DEBUG (7): api_signature
2017-08-27T08:30:18+00:00 DEBUG (7): AFcWxV21C7fd0v3bYYYRCpSSRl31AV-GEbDrTgjuS-5ebp6IacqT3Jkr
2017-08-27T08:30:18+00:00 DEBUG (7): debugging
2017-08-27T08:30:18+00:00 DEBUG (7): apiAuthentication
2017-08-27T08:30:18+00:00 DEBUG (7): 0
2017-08-27T08:30:18+00:00 DEBUG (7): debugging
2017-08-27T08:30:18+00:00 DEBUG (7): apiUsername
2017-08-27T08:30:18+00:00 DEBUG (7): kinhdoanh_freegift-1_api1.gmail.com
2017-08-27T08:30:18+00:00 DEBUG (7): debugging
2017-08-27T08:30:18+00:00 DEBUG (7): apiPassword
2017-08-27T08:30:18+00:00 DEBUG (7): P6JFE8URLSZFXUMW
2017-08-27T08:30:18+00:00 DEBUG (7): debugging
2017-08-27T08:30:18+00:00 DEBUG (7): apiSignature
2017-08-27T08:30:18+00:00 DEBUG (7): AFcWxV21C7fd0v3bYYYRCpSSRl31AV-GEbDrTgjuS-5ebp6IacqT3Jkr
2017-08-27T08:30:18+00:00 DEBUG (7): debugging
2017-08-27T08:30:18+00:00 DEBUG (7): sandboxFlag
2017-08-27T08:30:18+00:00 DEBUG (7): 1
2017-08-27T08:30:19+00:00 DEBUG (7): debugging
2017-08-27T08:30:19+00:00 DEBUG (7): verifyPeer
2017-08-27T08:30:19+00:00 DEBUG (7): 0
2017-08-27T08:30:19+00:00 DEBUG (7): debugging
2017-08-27T08:30:19+00:00 DEBUG (7): use_proxy
2017-08-27T08:30:19+00:00 DEBUG (7): 0
2017-08-27T08:30:20+00:00 DEBUG (7): debugging
2017-08-27T08:30:20+00:00 DEBUG (7): debug
2017-08-27T08:30:20+00:00 DEBUG (7): 0
