2017-08-27T09:05:37+00:00 DEBUG (7): debugging
2017-08-27T09:05:37+00:00 DEBUG (7): visible_on_cart
2017-08-27T09:05:37+00:00 DEBUG (7): 1
2017-08-27T09:05:38+00:00 DEBUG (7): debugging
2017-08-27T09:05:38+00:00 DEBUG (7): active
2017-08-27T09:05:38+00:00 DEBUG (7): 
2017-08-27T09:05:38+00:00 DEBUG (7): debugging
2017-08-27T09:05:38+00:00 DEBUG (7): visible_on_cart
2017-08-27T09:05:38+00:00 DEBUG (7): 1
2017-08-27T09:05:38+00:00 DEBUG (7): debugging
2017-08-27T09:05:38+00:00 DEBUG (7): active
2017-08-27T09:05:38+00:00 DEBUG (7): 1
2017-08-27T09:05:38+00:00 DEBUG (7): debugging
2017-08-27T09:05:38+00:00 DEBUG (7): active
2017-08-27T09:05:38+00:00 DEBUG (7): 
2017-08-27T09:05:38+00:00 DEBUG (7): debugging
2017-08-27T09:05:38+00:00 DEBUG (7): buttonFlavor
2017-08-27T09:05:38+00:00 DEBUG (7): dynamic
2017-08-27T09:05:38+00:00 DEBUG (7): debugging
2017-08-27T09:05:38+00:00 DEBUG (7): sandboxFlag
2017-08-27T09:05:38+00:00 DEBUG (7): 1
2017-08-27T09:05:38+00:00 DEBUG (7): debugging
2017-08-27T09:05:38+00:00 DEBUG (7): allow_ba_signup
2017-08-27T09:05:38+00:00 DEBUG (7): never
2017-08-27T09:05:39+00:00 DEBUG (7): debugging
2017-08-27T09:05:39+00:00 DEBUG (7): visible_on_cart
2017-08-27T09:05:39+00:00 DEBUG (7): 1
2017-08-27T09:05:39+00:00 DEBUG (7): debugging
2017-08-27T09:05:39+00:00 DEBUG (7): active
2017-08-27T09:05:39+00:00 DEBUG (7): 
2017-08-27T09:05:39+00:00 DEBUG (7): debugging
2017-08-27T09:05:39+00:00 DEBUG (7): visible_on_cart
2017-08-27T09:05:39+00:00 DEBUG (7): 1
2017-08-27T09:05:39+00:00 DEBUG (7): debugging
2017-08-27T09:05:39+00:00 DEBUG (7): active
2017-08-27T09:05:39+00:00 DEBUG (7): 1
2017-08-27T09:05:39+00:00 DEBUG (7): debugging
2017-08-27T09:05:39+00:00 DEBUG (7): active
2017-08-27T09:05:39+00:00 DEBUG (7): 
2017-08-27T09:05:39+00:00 DEBUG (7): debugging
2017-08-27T09:05:39+00:00 DEBUG (7): buttonFlavor
2017-08-27T09:05:39+00:00 DEBUG (7): dynamic
2017-08-27T09:05:39+00:00 DEBUG (7): debugging
2017-08-27T09:05:39+00:00 DEBUG (7): sandboxFlag
2017-08-27T09:05:39+00:00 DEBUG (7): 1
2017-08-27T09:05:39+00:00 DEBUG (7): debugging
2017-08-27T09:05:39+00:00 DEBUG (7): visible_on_cart
2017-08-27T09:05:39+00:00 DEBUG (7): 1
2017-08-27T09:05:39+00:00 DEBUG (7): debugging
2017-08-27T09:05:39+00:00 DEBUG (7): active
2017-08-27T09:05:39+00:00 DEBUG (7): 
2017-08-27T09:05:39+00:00 DEBUG (7): debugging
2017-08-27T09:05:39+00:00 DEBUG (7): visible_on_cart
2017-08-27T09:05:39+00:00 DEBUG (7): 1
2017-08-27T09:05:39+00:00 DEBUG (7): debugging
2017-08-27T09:05:39+00:00 DEBUG (7): active
2017-08-27T09:05:39+00:00 DEBUG (7): 1
2017-08-27T09:05:39+00:00 DEBUG (7): debugging
2017-08-27T09:05:39+00:00 DEBUG (7): active
2017-08-27T09:05:39+00:00 DEBUG (7): 
2017-08-27T09:05:39+00:00 DEBUG (7): debugging
2017-08-27T09:05:39+00:00 DEBUG (7): buttonFlavor
2017-08-27T09:05:39+00:00 DEBUG (7): dynamic
2017-08-27T09:05:39+00:00 DEBUG (7): debugging
2017-08-27T09:05:39+00:00 DEBUG (7): sandboxFlag
2017-08-27T09:05:39+00:00 DEBUG (7): 1
