2017-08-25T19:21:12+00:00 ERR (3): Warning: include(Mage/Vendor/Helper/Data.php): failed to open stream: No such file or directory  in /var/www/m1/getfound/src/lib/Varien/Autoload.php on line 94
2017-08-25T19:21:12+00:00 ERR (3): Warning: include(Mage/Vendor/Helper/Data.php): failed to open stream: No such file or directory  in /var/www/m1/getfound/src/lib/Varien/Autoload.php on line 94
2017-08-25T19:21:12+00:00 ERR (3): Warning: include(): Failed opening 'Mage/Vendor/Helper/Data.php' for inclusion (include_path='/var/www/m1/getfound/src/app/code/local:/var/www/m1/getfound/src/app/code/community:/var/www/m1/getfound/src/app/code/core:/var/www/m1/getfound/src/lib:.:/usr/share/pear:/usr/share/php')  in /var/www/m1/getfound/src/lib/Varien/Autoload.php on line 94
2017-08-26T02:51:26+00:00 DEBUG (7): HEADERS ALREADY SENT: <pre>[0] /var/www/m1/getfound/src/app/code/core/Mage/Core/Controller/Response/Http.php:52
[1] /var/www/m1/getfound/src/lib/Zend/Controller/Response/Abstract.php:768
[2] /var/www/m1/getfound/src/app/code/core/Mage/Core/Controller/Response/Http.php:84
[3] /var/www/m1/getfound/src/app/code/core/Mage/Core/Controller/Varien/Front.php:184
[4] /var/www/m1/getfound/src/app/code/core/Mage/Core/Model/App.php:365
[5] /var/www/m1/getfound/src/app/Mage.php:685
[6] /var/www/m1/getfound/src/index.php:83
</pre>
2017-08-26T02:52:31+00:00 DEBUG (7): HEADERS ALREADY SENT: <pre>[0] /var/www/m1/getfound/src/app/code/core/Mage/Core/Controller/Response/Http.php:52
[1] /var/www/m1/getfound/src/lib/Zend/Controller/Response/Abstract.php:768
[2] /var/www/m1/getfound/src/app/code/core/Mage/Core/Controller/Response/Http.php:84
[3] /var/www/m1/getfound/src/app/code/core/Mage/Core/Controller/Varien/Front.php:184
[4] /var/www/m1/getfound/src/app/code/core/Mage/Core/Model/App.php:365
[5] /var/www/m1/getfound/src/app/Mage.php:685
[6] /var/www/m1/getfound/src/index.php:83
</pre>
2017-08-26T02:54:45+00:00 ERR (3): Notice: Undefined variable: supplier_id  in /var/www/m1/getfound/src/app/design/frontend/rwd/default/template/merchant/order/view/shipments.phtml on line 27
2017-08-26T03:01:08+00:00 ERR (3): Warning: include(Mage/Sales/Model/Order/Payment/Collection.php): failed to open stream: No such file or directory  in /var/www/m1/getfound/src/lib/Varien/Autoload.php on line 94
2017-08-26T03:01:08+00:00 ERR (3): Warning: include(Mage/Sales/Model/Order/Payment/Collection.php): failed to open stream: No such file or directory  in /var/www/m1/getfound/src/lib/Varien/Autoload.php on line 94
2017-08-26T03:01:08+00:00 ERR (3): Warning: include(): Failed opening 'Mage/Sales/Model/Order/Payment/Collection.php' for inclusion (include_path='/var/www/m1/getfound/src/app/code/local:/var/www/m1/getfound/src/app/code/community:/var/www/m1/getfound/src/app/code/core:/var/www/m1/getfound/src/lib:.:/usr/share/pear:/usr/share/php')  in /var/www/m1/getfound/src/lib/Varien/Autoload.php on line 94
2017-08-26T14:37:10+00:00 ERR (3): Warning: unserialize() expects parameter 1 to be string, array given  in /var/www/m1/getfound/src/app/code/local/Location/Merchant/Block/Admin/Paymentgrid/Grid.php on line 26
2017-08-26T14:37:31+00:00 ERR (3): Warning: unserialize() expects parameter 1 to be string, array given  in /var/www/m1/getfound/src/app/code/local/Location/Merchant/Block/Admin/Paymentgrid/Grid.php on line 26
2017-08-27T08:48:19+00:00 ERR (3): Notice: Undefined offset: 24  in /var/www/m1/getfound/src/app/code/local/Location/Merchant/Model/Observer.php on line 49
